<?xml version="1.0" encoding="UTF-8"?>
<!-- Generated by org.testng.reporters.JUnitXMLReporter -->
<testsuite hostname="VDQADEV01-RIJL0" name="Test" tests="3" failures="0" timestamp="2 Feb 2015 18:48:24 GMT" time="23.045" errors="0">
  <testcase name="verifyDragAndDropBacklogToIcebox" time="1.525" classname="test.MoveUserStoryFromBacklogToIcebox"/>
  <testcase name="verifyDragAndDropIceboxToBacklog" time="1.009" classname="test.MoveUserStoryFromIceboxToBacklog"/>
  <testcase name="verifyThatUserStoryStoreTasks" time="1.13" classname="test.CreateTasksForUserStories"/>
</testsuite> <!-- Test -->
