<?xml version="1.0" encoding="UTF-8"?>
<!-- Generated by org.testng.reporters.JUnitXMLReporter -->
<testsuite hostname="VDQADEV01-RIJL0" name="Test" tests="3" failures="0" timestamp="30 Jan 2015 22:59:11 GMT" time="20.252" errors="0">
  <testcase name="verifyDragAndDropBacklogToIcebox" time="0.83" classname="test.MoveUserStoryFromBacklogToIcebox"/>
  <testcase name="verifyDragAndDropIceboxToBacklog" time="0.986" classname="test.MoveUserStoryFromIceboxToBacklog"/>
  <testcase name="verifyThatUserStoryStoreTasks" time="1.296" classname="test.CreateTasksForUserStories"/>
</testsuite> <!-- Test -->
