<?xml version="1.0" encoding="UTF-8"?>
<testng-results skipped="0" failed="0" total="3" passed="3">
  <reporter-output>
  </reporter-output>
  <suite name="Suite" duration-ms="20252" started-at="2015-01-30T22:58:51Z" finished-at="2015-01-30T22:59:11Z">
    <groups>
    </groups>
    <test name="Test" duration-ms="20252" started-at="2015-01-30T22:58:51Z" finished-at="2015-01-30T22:59:11Z">
      <class name="test.MoveUserStoryFromBacklogToIcebox">
        <test-method status="PASS" signature="beforeTest()[pri:0, instance:test.MoveUserStoryFromBacklogToIcebox@75d3a5e0]" name="beforeTest" is-config="true" duration-ms="7931" started-at="2015-01-30T18:58:51Z" finished-at="2015-01-30T18:58:59Z">
          <reporter-output>
          </reporter-output>
        </test-method> <!-- beforeTest -->
        <test-method status="PASS" signature="verifyDragAndDropBacklogToIcebox()[pri:0, instance:test.MoveUserStoryFromBacklogToIcebox@75d3a5e0]" name="verifyDragAndDropBacklogToIcebox" duration-ms="830" started-at="2015-01-30T18:58:59Z" finished-at="2015-01-30T18:58:59Z">
          <reporter-output>
          </reporter-output>
        </test-method> <!-- verifyDragAndDropBacklogToIcebox -->
        <test-method status="PASS" signature="afterTest()[pri:0, instance:test.MoveUserStoryFromBacklogToIcebox@75d3a5e0]" name="afterTest" is-config="true" duration-ms="1438" started-at="2015-01-30T18:58:59Z" finished-at="2015-01-30T18:59:01Z">
          <reporter-output>
          </reporter-output>
        </test-method> <!-- afterTest -->
      </class> <!-- test.MoveUserStoryFromBacklogToIcebox -->
      <class name="test.MoveUserStoryFromIceboxToBacklog">
        <test-method status="PASS" signature="beforeMethod()[pri:0, instance:test.MoveUserStoryFromIceboxToBacklog@74d1dc36]" name="beforeMethod" is-config="true" duration-ms="1602" started-at="2015-01-30T18:59:01Z" finished-at="2015-01-30T18:59:03Z">
          <reporter-output>
          </reporter-output>
        </test-method> <!-- beforeMethod -->
        <test-method status="PASS" signature="verifyDragAndDropIceboxToBacklog()[pri:0, instance:test.MoveUserStoryFromIceboxToBacklog@74d1dc36]" name="verifyDragAndDropIceboxToBacklog" duration-ms="986" started-at="2015-01-30T18:59:03Z" finished-at="2015-01-30T18:59:04Z">
          <reporter-output>
          </reporter-output>
        </test-method> <!-- verifyDragAndDropIceboxToBacklog -->
        <test-method status="PASS" signature="afterTest()[pri:0, instance:test.MoveUserStoryFromIceboxToBacklog@74d1dc36]" name="afterTest" is-config="true" duration-ms="1170" started-at="2015-01-30T18:59:04Z" finished-at="2015-01-30T18:59:05Z">
          <reporter-output>
          </reporter-output>
        </test-method> <!-- afterTest -->
      </class> <!-- test.MoveUserStoryFromIceboxToBacklog -->
      <class name="test.CreateTasksForUserStories">
        <test-method status="PASS" signature="beforeTest()[pri:0, instance:test.CreateTasksForUserStories@74ea2410]" name="beforeTest" is-config="true" duration-ms="1297" started-at="2015-01-30T18:59:05Z" finished-at="2015-01-30T18:59:06Z">
          <reporter-output>
          </reporter-output>
        </test-method> <!-- beforeTest -->
        <test-method status="PASS" signature="verifyThatUserStoryStoreTasks(java.lang.String)[pri:0, instance:test.CreateTasksForUserStories@74ea2410]" name="verifyThatUserStoryStoreTasks" duration-ms="1296" started-at="2015-01-30T18:59:06Z" data-provider="tasksForUserStory" finished-at="2015-01-30T18:59:07Z">
          <params>
            <param index="0">
              <value>
                <![CDATA[Task1]]>
              </value>
            </param>
          </params>
          <reporter-output>
          </reporter-output>
        </test-method> <!-- verifyThatUserStoryStoreTasks -->
        <test-method status="PASS" signature="afterTest()[pri:0, instance:test.CreateTasksForUserStories@74ea2410]" name="afterTest" is-config="true" duration-ms="3504" started-at="2015-01-30T18:59:07Z" finished-at="2015-01-30T18:59:11Z">
          <reporter-output>
          </reporter-output>
        </test-method> <!-- afterTest -->
      </class> <!-- test.CreateTasksForUserStories -->
      <class name="test.featureSuiteSetup">
        <test-method status="PASS" signature="beforeSuite()[pri:0, instance:test.featureSuiteSetup@1ca3b418]" name="beforeSuite" is-config="true" duration-ms="4629" started-at="2015-01-30T18:58:46Z" finished-at="2015-01-30T18:58:51Z">
          <reporter-output>
          </reporter-output>
        </test-method> <!-- beforeSuite -->
        <test-method status="PASS" signature="afterSuite()[pri:0, instance:test.featureSuiteSetup@1ca3b418]" name="afterSuite" is-config="true" duration-ms="1826" started-at="2015-01-30T18:59:11Z" finished-at="2015-01-30T18:59:13Z">
          <reporter-output>
          </reporter-output>
        </test-method> <!-- afterSuite -->
      </class> <!-- test.featureSuiteSetup -->
    </test> <!-- Test -->
  </suite> <!-- Suite -->
</testng-results>
