<?xml version="1.0" encoding="UTF-8"?>
<testng-results skipped="0" failed="0" total="3" passed="3">
  <reporter-output>
  </reporter-output>
  <suite name="Suite" duration-ms="23045" started-at="2015-02-02T18:48:00Z" finished-at="2015-02-02T18:48:23Z">
    <groups>
    </groups>
    <test name="Test" duration-ms="23045" started-at="2015-02-02T18:48:00Z" finished-at="2015-02-02T18:48:23Z">
      <class name="test.MoveUserStoryFromBacklogToIcebox">
        <test-method status="PASS" signature="beforeTest()[pri:0, instance:test.MoveUserStoryFromBacklogToIcebox@75d3a5e0]" name="beforeTest" is-config="true" duration-ms="7615" started-at="2015-02-02T14:48:00Z" finished-at="2015-02-02T14:48:08Z">
          <reporter-output>
          </reporter-output>
        </test-method> <!-- beforeTest -->
        <test-method status="PASS" signature="verifyDragAndDropBacklogToIcebox()[pri:0, instance:test.MoveUserStoryFromBacklogToIcebox@75d3a5e0]" name="verifyDragAndDropBacklogToIcebox" duration-ms="1525" started-at="2015-02-02T14:48:08Z" finished-at="2015-02-02T14:48:09Z">
          <reporter-output>
          </reporter-output>
        </test-method> <!-- verifyDragAndDropBacklogToIcebox -->
        <test-method status="PASS" signature="afterTest()[pri:0, instance:test.MoveUserStoryFromBacklogToIcebox@75d3a5e0]" name="afterTest" is-config="true" duration-ms="2171" started-at="2015-02-02T14:48:09Z" finished-at="2015-02-02T14:48:12Z">
          <reporter-output>
          </reporter-output>
        </test-method> <!-- afterTest -->
      </class> <!-- test.MoveUserStoryFromBacklogToIcebox -->
      <class name="test.MoveUserStoryFromIceboxToBacklog">
        <test-method status="PASS" signature="beforeMethod()[pri:0, instance:test.MoveUserStoryFromIceboxToBacklog@74d1dc36]" name="beforeMethod" is-config="true" duration-ms="2119" started-at="2015-02-02T14:48:12Z" finished-at="2015-02-02T14:48:14Z">
          <reporter-output>
          </reporter-output>
        </test-method> <!-- beforeMethod -->
        <test-method status="PASS" signature="verifyDragAndDropIceboxToBacklog()[pri:0, instance:test.MoveUserStoryFromIceboxToBacklog@74d1dc36]" name="verifyDragAndDropIceboxToBacklog" duration-ms="1009" started-at="2015-02-02T14:48:14Z" finished-at="2015-02-02T14:48:15Z">
          <reporter-output>
          </reporter-output>
        </test-method> <!-- verifyDragAndDropIceboxToBacklog -->
        <test-method status="PASS" signature="afterTest()[pri:0, instance:test.MoveUserStoryFromIceboxToBacklog@74d1dc36]" name="afterTest" is-config="true" duration-ms="1498" started-at="2015-02-02T14:48:15Z" finished-at="2015-02-02T14:48:16Z">
          <reporter-output>
          </reporter-output>
        </test-method> <!-- afterTest -->
      </class> <!-- test.MoveUserStoryFromIceboxToBacklog -->
      <class name="test.CreateTasksForUserStories">
        <test-method status="PASS" signature="beforeTest()[pri:0, instance:test.CreateTasksForUserStories@74ea2410]" name="beforeTest" is-config="true" duration-ms="1714" started-at="2015-02-02T14:48:16Z" finished-at="2015-02-02T14:48:18Z">
          <reporter-output>
          </reporter-output>
        </test-method> <!-- beforeTest -->
        <test-method status="PASS" signature="verifyThatUserStoryStoreTasks(java.lang.String)[pri:0, instance:test.CreateTasksForUserStories@74ea2410]" name="verifyThatUserStoryStoreTasks" duration-ms="1130" started-at="2015-02-02T14:48:18Z" data-provider="tasksForUserStory" finished-at="2015-02-02T14:48:19Z">
          <params>
            <param index="0">
              <value>
                <![CDATA[Task1]]>
              </value>
            </param>
          </params>
          <reporter-output>
          </reporter-output>
        </test-method> <!-- verifyThatUserStoryStoreTasks -->
        <test-method status="PASS" signature="afterTest()[pri:0, instance:test.CreateTasksForUserStories@74ea2410]" name="afterTest" is-config="true" duration-ms="4144" started-at="2015-02-02T14:48:19Z" finished-at="2015-02-02T14:48:23Z">
          <reporter-output>
          </reporter-output>
        </test-method> <!-- afterTest -->
      </class> <!-- test.CreateTasksForUserStories -->
      <class name="test.featureSuiteSetup">
        <test-method status="PASS" signature="beforeSuite()[pri:0, instance:test.featureSuiteSetup@1ca3b418]" name="beforeSuite" is-config="true" duration-ms="5353" started-at="2015-02-02T14:47:55Z" finished-at="2015-02-02T14:48:00Z">
          <reporter-output>
          </reporter-output>
        </test-method> <!-- beforeSuite -->
        <test-method status="PASS" signature="afterSuite()[pri:0, instance:test.featureSuiteSetup@1ca3b418]" name="afterSuite" is-config="true" duration-ms="3489" started-at="2015-02-02T14:48:24Z" finished-at="2015-02-02T14:48:28Z">
          <reporter-output>
          </reporter-output>
        </test-method> <!-- afterSuite -->
      </class> <!-- test.featureSuiteSetup -->
    </test> <!-- Test -->
  </suite> <!-- Suite -->
</testng-results>
